<?xml version="1.0" encoding="UTF-8"?>
<!-- Generated by org.testng.reporters.JUnitReportReporter -->
<testsuite hostname="DESKTOP-0TSGC6B" failures="0" tests="1" name="test.Logintest" time="6.173" errors="0" timestamp="2024-07-11T17:26:32 IST" skipped="0">
  <testcase classname="test.Logintest" name="validateLogin" time="6.173"/>
  <system-out/>
</testsuite> <!-- test.Logintest -->
