<?xml version="1.0" encoding="UTF-8"?>
<!-- Generated by org.testng.reporters.JUnitReportReporter -->
<testsuite hostname="DESKTOP-0TSGC6B" failures="0" tests="1" name="test.CheckoutOverviewtest" time="12.289" errors="0" timestamp="2024-07-11T17:26:32 IST" skipped="0">
  <testcase classname="test.CheckoutOverviewtest" name="validatecheckout" time="12.289"/>
  <system-out/>
</testsuite> <!-- test.CheckoutOverviewtest -->
